Using pre-set license
Built from '2022.1/staging' branch; Version is '2022.1.0b11 (9aaa156c3014) revision 10136085'; Using compiler version '192829333'; Build Type 'Release'
OS: 'Windows 10  (10.0.19043) 64bit CoreCountrySpecific' Language: 'zh' Physical Memory: 15724 MB
BatchMode: 1, IsHumanControllingUs: 0, StartBugReporterOnCrash: 0, Is64bit: 1, IsPro: 1

COMMAND LINE ARGUMENTS:
C:\Program Files\Unity\Hub\2022.1.0b11\Editor\Unity.exe
-adb2
-batchMode
-noUpm
-name
AssetImportWorker0
-projectPath
C:/Users/HonorPro162021.11.11/Documents/GitHub/CodeGen
-logFile
Logs/AssetImportWorker0.log
-srvPort
13682
Successfully changed project path to: C:/Users/HonorPro162021.11.11/Documents/GitHub/CodeGen
C:/Users/HonorPro162021.11.11/Documents/GitHub/CodeGen
[UnityMemory] Configuration Parameters - Can be set up in boot.config
    "memorysetup-bucket-allocator-granularity=16"
    "memorysetup-bucket-allocator-bucket-count=8"
    "memorysetup-bucket-allocator-block-size=33554432"
    "memorysetup-bucket-allocator-block-count=8"
    "memorysetup-main-allocator-block-size=16777216"
    "memorysetup-thread-allocator-block-size=16777216"
    "memorysetup-gfx-main-allocator-block-size=16777216"
    "memorysetup-gfx-thread-allocator-block-size=16777216"
    "memorysetup-cache-allocator-block-size=4194304"
    "memorysetup-typetree-allocator-block-size=2097152"
    "memorysetup-profiler-bucket-allocator-granularity=16"
    "memorysetup-profiler-bucket-allocator-bucket-count=8"
    "memorysetup-profiler-bucket-allocator-block-size=33554432"
    "memorysetup-profiler-bucket-allocator-block-count=8"
    "memorysetup-profiler-allocator-block-size=16777216"
    "memorysetup-profiler-editor-allocator-block-size=1048576"
    "memorysetup-temp-allocator-size-main=16777216"
    "memorysetup-job-temp-allocator-block-size=2097152"
    "memorysetup-job-temp-allocator-block-size-background=1048576"
    "memorysetup-job-temp-allocator-reduction-small-platforms=262144"
    "memorysetup-temp-allocator-size-background-worker=32768"
    "memorysetup-temp-allocator-size-job-worker=262144"
    "memorysetup-temp-allocator-size-preload-manager=33554432"
    "memorysetup-temp-allocator-size-nav-mesh-worker=65536"
    "memorysetup-temp-allocator-size-audio-worker=65536"
    "memorysetup-temp-allocator-size-cloud-worker=32768"
    "memorysetup-temp-allocator-size-gi-baking-worker=262144"
    "memorysetup-temp-allocator-size-gfx=262144"
Refreshing native plugins compatible for Editor in 32.58 ms, found 2 plugins.
Preloading 0 native plugins for Editor in 0.00 ms.
Initialize engine version: 2022.1.0b11 (9aaa156c3014)
[Subsystems] Discovering subsystems at path C:/Program Files/Unity/Hub/2022.1.0b11/Editor/Data/Resources/UnitySubsystems
[Subsystems] Discovering subsystems at path C:/Users/HonorPro162021.11.11/Documents/GitHub/CodeGen/Assets
GfxDevice: creating device client; threaded=0; jobified=0
Direct3D:
    Version:  Direct3D 11.0 [level 11.1]
    Renderer: NVIDIA GeForce GTX 1650 (ID=0x1f9d)
    Vendor:   NVIDIA
    VRAM:     3965 MB
    Driver:   30.0.15.1215
Initialize mono
Mono path[0] = 'C:/Program Files/Unity/Hub/2022.1.0b11/Editor/Data/Managed'
Mono path[1] = 'C:/Program Files/Unity/Hub/2022.1.0b11/Editor/Data/MonoBleedingEdge/lib/mono/unityjit-win32'
Mono config path = 'C:/Program Files/Unity/Hub/2022.1.0b11/Editor/Data/MonoBleedingEdge/etc'
Using monoOptions --debugger-agent=transport=dt_socket,embedding=1,server=y,suspend=n,address=127.0.0.1:56452
Begin MonoManager ReloadAssembly
Registering precompiled unity dll's ...
Register platform support module: C:/Program Files/Unity/Hub/2022.1.0b11/Editor/Data/PlaybackEngines/WindowsStandaloneSupport/UnityEditor.WindowsStandalone.Extensions.dll
Registered in 0.024059 seconds.
Native extension for WindowsStandalone target not found
Refreshing native plugins compatible for Editor in 25.63 ms, found 2 plugins.
Preloading 0 native plugins for Editor in 0.00 ms.
Mono: successfully reloaded assembly
- Completed reload, in  0.703 seconds
Domain Reload Profiling:
	ReloadAssembly (704ms)
		BeginReloadAssembly (109ms)
			ExecutionOrderSort (0ms)
			DisableScriptedObjects (0ms)
			BackupInstance (0ms)
			ReleaseScriptingObjects (0ms)
			CreateAndSetChildDomain (1ms)
		EndReloadAssembly (427ms)
			LoadAssemblies (101ms)
			RebuildTransferFunctionScriptingTraits (0ms)
			SetupTypeCache (103ms)
				TypeCache.Initialize (102ms)
					TypeCache.ScanAssembly (100ms)
				ResolveRequiredComponents (0ms)
			ReleaseScriptCaches (0ms)
			RebuildScriptCaches (28ms)
			SetupLoadedEditorAssemblies (233ms)
				LogAssemblyErrors (0ms)
				InitializePlatformSupportModulesInManaged (13ms)
				SetLoadedEditorAssemblies (8ms)
				RefreshPlugins (26ms)
				BeforeProcessingInitializeOnLoad (1ms)
				ProcessInitializeOnLoadAttributes (133ms)
				ProcessInitializeOnLoadMethodAttributes (52ms)
				AfterProcessingInitializeOnLoad (0ms)
				EditorAssembliesLoaded (0ms)
			ExecutionOrderSort2 (0ms)
			AwakeInstancesAfterBackupRestoration (0ms)
Platform modules already initialized, skipping
Registering precompiled user dll's ...
Registered in 0.005031 seconds.
Begin MonoManager ReloadAssembly
Native extension for WindowsStandalone target not found
Refreshing native plugins compatible for Editor in 0.43 ms, found 2 plugins.
Preloading 0 native plugins for Editor in 0.00 ms.
Assertion failed on expression: 'res'
UnityEngine.StackTraceUtility:ExtractStackTrace ()
UnityEditor.ScriptableSingleton`1<Labs.Lab0_TryEditorSingleton.Editor.InApplicationClassObject>:CreateAndLoad ()
UnityEditor.ScriptableSingleton`1<Labs.Lab0_TryEditorSingleton.Editor.InApplicationClassObject>:get_instance ()
Labs.Lab0_TryEditorSingleton.Editor.InApplicationClassObject:AddValue () (at Assets/Labs/Lab0 TryEditorSingleton/Editor/InApplicationClassObject.cs:15)
System.Reflection.RuntimeMethodInfo:Invoke (object,System.Reflection.BindingFlags,System.Reflection.Binder,object[],System.Globalization.CultureInfo)
System.Reflection.MethodBase:Invoke (object,object[])
UnityEditor.EditorAssemblies:ProcessInitializeOnLoadMethodAttributes ()

[Assets/Labs/Lab0 TryEditorSingleton/Editor/InApplicationClassObject.cs line 15]

The file 'C:/Users/HonorPro162021.11.11/Documents/GitHub/CodeGen/Assets/SOManager/InApplicationClassObject.ssmanager' - 'Assets/SOManager/InApplicationClassObject.ssmanager' is corrupted! Remove it and launch unity again!
[Position out of bounds!]
UnityEngine.StackTraceUtility:ExtractStackTrace ()
UnityEditor.ScriptableSingleton`1<Labs.Lab0_TryEditorSingleton.Editor.InApplicationClassObject>:CreateAndLoad ()
UnityEditor.ScriptableSingleton`1<Labs.Lab0_TryEditorSingleton.Editor.InApplicationClassObject>:get_instance ()
Labs.Lab0_TryEditorSingleton.Editor.InApplicationClassObject:AddValue () (at Assets/Labs/Lab0 TryEditorSingleton/Editor/InApplicationClassObject.cs:15)
System.Reflection.RuntimeMethodInfo:Invoke (object,System.Reflection.BindingFlags,System.Reflection.Binder,object[],System.Globalization.CultureInfo)
System.Reflection.MethodBase:Invoke (object,object[])
UnityEditor.EditorAssemblies:ProcessInitializeOnLoadMethodAttributes ()

[Assets/Labs/Lab0 TryEditorSingleton/Editor/InApplicationClassObject.cs line 15]

Fatal Error! The file 'C:/Users/HonorPro162021.11.11/Documents/GitHub/CodeGen/Assets/SOManager/InApplicationClassObject.ssmanager' - 'Assets/SOManager/InApplicationClassObject.ssmanager' is corrupted! Remove it and launch unity again!
[Position out of bounds!]
UnityEditor.ScriptableSingleton`1<Labs.Lab0_TryEditorSingleton.Editor.InApplicationClassObject>:get_instance ()
Labs.Lab0_TryEditorSingleton.Editor.InApplicationClassObject:AddValue () (at Assets/Labs/Lab0 TryEditorSingleton/Editor/InApplicationClassObject.cs:15)
UnityEditor.EditorAssemblies:ProcessInitializeOnLoadMethodAttributes ()
UnityEngine.StackTraceUtility:ExtractStackTrace ()
UnityEditor.ScriptableSingleton`1<Labs.Lab0_TryEditorSingleton.Editor.InApplicationClassObject>:CreateAndLoad ()
UnityEditor.ScriptableSingleton`1<Labs.Lab0_TryEditorSingleton.Editor.InApplicationClassObject>:get_instance ()
Labs.Lab0_TryEditorSingleton.Editor.InApplicationClassObject:AddValue () (at Assets/Labs/Lab0 TryEditorSingleton/Editor/InApplicationClassObject.cs:15)
System.Reflection.RuntimeMethodInfo:Invoke (object,System.Reflection.BindingFlags,System.Reflection.Binder,object[],System.Globalization.CultureInfo)
System.Reflection.MethodBase:Invoke (object,object[])
UnityEditor.EditorAssemblies:ProcessInitializeOnLoadMethodAttributes ()

[Assets/Labs/Lab0 TryEditorSingleton/Editor/InApplicationClassObject.cs line 15]

Crash!!!
SymInit: Symbol-SearchPath: 'C:/Program Files/Unity/Hub/2022.1.0b11/Editor/Data/Mono;.;C:\Users\HonorPro162021.11.11\Documents\GitHub\CodeGen;C:\Users\HonorPro162021.11.11\Documents\GitHub\CodeGen\Library\BurstCache\JIT;C:\Program Files\Unity\Hub\2022.1.0b11\Editor;C:\Windows;C:\Windows\system32;SRV*C:\websymbols*http://msdl.microsoft.com/download/symbols;', symOptions: 534, UserName: 'HonorPro162021.11.11'
OS-Version: 10.0.0
C:\Program Files\Unity\Hub\2022.1.0b11\Editor\Unity.exe:Unity.exe (00007FF74A4A0000), size: 74862592 (result: 0), SymType: '-deferred-', PDB: '', fileVersion: 2022.1.0.43541
C:\Windows\SYSTEM32\ntdll.dll:ntdll.dll (00007FFB73310000), size: 2052096 (result: 0), SymType: '-deferred-', PDB: '', fileVersion: 10.0.19041.1566
C:\Windows\System32\KERNEL32.DLL:KERNEL32.DLL (00007FFB723B0000), size: 778240 (result: 0), SymType: '-deferred-', PDB: '', fileVersion: 10.0.19041.1566
C:\Windows\System32\KERNELBASE.dll:KERNELBASE.dll (00007FFB709C0000), size: 2916352 (result: 0), SymType: '-deferred-', PDB: '', fileVersion: 10.0.19041.1566
C:\Windows\System32\CRYPT32.dll:CRYPT32.dll (00007FFB70770000), size: 1400832 (result: 0), SymType: '-deferred-', PDB: '', fileVersion: 10.0.19041.1320
C:\Windows\System32\ucrtbase.dll:ucrtbase.dll (00007FFB70DE0000), size: 1048576 (result: 0), SymType: '-deferred-', PDB: '', fileVersion: 10.0.19041.789
C:\Windows\System32\USER32.dll:USER32.dll (00007FFB72650000), size: 1703936 (result: 0), SymType: '-deferred-', PDB: '', fileVersion: 10.0.19041.1503
C:\Windows\System32\win32u.dll:win32u.dll (00007FFB708D0000), size: 139264 (result: 0), SymType: '-deferred-', PDB: '', fileVersion: 10.0.19041.1586
C:\Windows\System32\GDI32.dll:GDI32.dll (00007FFB730F0000), size: 176128 (result: 0), SymType: '-deferred-', PDB: '', fileVersion: 10.0.19041.1202
C:\Windows\System32\gdi32full.dll:gdi32full.dll (00007FFB710A0000), size: 1093632 (result: 0), SymType: '-deferred-', PDB: '', fileVersion: 10.0.19041.1566
C:\Windows\System32\msvcp_win.dll:msvcp_win.dll (00007FFB70C90000), size: 643072 (result: 0), SymType: '-deferred-', PDB: '', fileVersion: 10.0.19041.789
C:\Windows\System32\ADVAPI32.dll:ADVAPI32.dll (00007FFB71CF0000), size: 712704 (result: 0), SymType: '-deferred-', PDB: '', fileVersion: 10.0.19041.1466
C:\Windows\System32\msvcrt.dll:msvcrt.dll (00007FFB71210000), size: 647168 (result: 0), SymType: '-deferred-', PDB: '', fileVersion: 7.0.19041.546
C:\Windows\System32\sechost.dll:sechost.dll (00007FFB72470000), size: 638976 (result: 0), SymType: '-deferred-', PDB: '', fileVersion: 10.0.19041.1586
C:\Program Files\Unity\Hub\2022.1.0b11\Editor\libfbxsdk.dll:libfbxsdk.dll (00007FFB0B690000), size: 10215424 (result: 0), SymType: '-deferred-', PDB: '', fileVersion: 2020.2.0.0
C:\Windows\System32\RPCRT4.dll:RPCRT4.dll (00007FFB71B60000), size: 1200128 (result: 0), SymType: '-deferred-', PDB: '', fileVersion: 10.0.19041.1466
C:\Program Files\Unity\Hub\2022.1.0b11\Editor\s3tcompress.dll:s3tcompress.dll (00007FFB6ED10000), size: 180224 (result: 0), SymType: '-deferred-', PDB: ''
C:\Program Files\Unity\Hub\2022.1.0b11\Editor\optix.6.0.0.dll:optix.6.0.0.dll (00007FFB6E910000), size: 208896 (result: 0), SymType: '-deferred-', PDB: '', fileVersion: 6.0.0.0
C:\Windows\System32\SHELL32.dll:SHELL32.dll (00007FFB728D0000), size: 7618560 (result: 0), SymType: '-deferred-', PDB: '', fileVersion: 10.0.19041.1566
C:\Windows\System32\SHLWAPI.dll:SHLWAPI.dll (00007FFB711B0000), size: 348160 (result: 0), SymType: '-deferred-', PDB: '', fileVersion: 10.0.19041.1023
C:\Windows\System32\ole32.dll:ole32.dll (00007FFB72510000), size: 1220608 (result: 0), SymType: '-deferred-', PDB: '', fileVersion: 10.0.19041.1202
C:\Windows\System32\combase.dll:combase.dll (00007FFB71800000), size: 3489792 (result: 0), SymType: '-deferred-', PDB: '', fileVersion: 10.0.19041.1566
C:\Program Files\Unity\Hub\2022.1.0b11\Editor\etccompress.dll:etccompress.dll (00007FFB15280000), size: 5066752 (result: 0), SymType: '-deferred-', PDB: ''
C:\Windows\System32\IMM32.dll:IMM32.dll (00007FFB72350000), size: 196608 (result: 0), SymType: '-deferred-', PDB: '', fileVersion: 10.0.19041.546
C:\Windows\System32\SETUPAPI.dll:SETUPAPI.dll (00007FFB71DA0000), size: 4653056 (result: 0), SymType: '-deferred-', PDB: '', fileVersion: 10.0.19041.1566
C:\Windows\System32\cfgmgr32.dll:cfgmgr32.dll (00007FFB71050000), size: 319488 (result: 0), SymType: '-deferred-', PDB: '', fileVersion: 10.0.19041.1151
C:\Windows\System32\bcrypt.dll:bcrypt.dll (00007FFB706F0000), size: 159744 (result: 0), SymType: '-deferred-', PDB: '', fileVersion: 10.0.19041.1023
C:\Windows\System32\WS2_32.dll:WS2_32.dll (00007FFB722E0000), size: 438272 (result: 0), SymType: '-deferred-', PDB: '', fileVersion: 10.0.19041.546
C:\Program Files\Unity\Hub\2022.1.0b11\Editor\ispc_texcomp.dll:ispc_texcomp.dll (00007FFB60980000), size: 1740800 (result: 0), SymType: '-deferred-', PDB: ''
C:\Windows\System32\OLEAUT32.dll:OLEAUT32.dll (00007FFB72210000), size: 839680 (result: 0), SymType: '-deferred-', PDB: '', fileVersion: 10.0.19041.985
C:\Windows\System32\WINTRUST.dll:WINTRUST.dll (00007FFB70FE0000), size: 425984 (result: 0), SymType: '-deferred-', PDB: '', fileVersion: 10.0.19041.1566
C:\Program Files\Unity\Hub\2022.1.0b11\Editor\compress_bc7e.dll:compress_bc7e.dll (00007FFB128A0000), size: 1441792 (result: 0), SymType: '-deferred-', PDB: ''
C:\Program Files\Unity\Hub\2022.1.0b11\Editor\FreeImage.dll:FreeImage.dll (0000000180000000), size: 6582272 (result: 0), SymType: '-deferred-', PDB: '', fileVersion: 3.18.0.0
C:\Program Files\Unity\Hub\2022.1.0b11\Editor\OpenImageDenoise.dll:OpenImageDenoise.dll (00007FFAFF4F0000), size: 48848896 (result: 0), SymType: '-deferred-', PDB: '', fileVersion: 1.4.2.0
C:\Program Files\Unity\Hub\2022.1.0b11\Editor\umbraoptimizer64.dll:umbraoptimizer64.dll (00007FFB0D170000), size: 1187840 (result: 0), SymType: '-deferred-', PDB: ''
C:\Program Files\Unity\Hub\2022.1.0b11\Editor\WinPixEventRuntime.dll:WinPixEventRuntime.dll (00007FFB6ECD0000), size: 45056 (result: 0), SymType: '-deferred-', PDB: '', fileVersion: 1.0.1812.6001
C:\Windows\SYSTEM32\OPENGL32.dll:OPENGL32.dll (00007FFB14790000), size: 1204224 (result: 0), SymType: '-deferred-', PDB: '', fileVersion: 10.0.19041.1566
C:\Windows\SYSTEM32\GLU32.dll:GLU32.dll (00007FFB18CB0000), size: 180224 (result: 0), SymType: '-deferred-', PDB: '', fileVersion: 10.0.19041.1566
C:\Windows\SYSTEM32\IPHLPAPI.DLL:IPHLPAPI.DLL (00007FFB6FAC0000), size: 241664 (result: 0), SymType: '-deferred-', PDB: '', fileVersion: 10.0.19041.546
C:\Windows\SYSTEM32\WINHTTP.dll:WINHTTP.dll (00007FFB6AA00000), size: 1085440 (result: 0), SymType: '-deferred-', PDB: '', fileVersion: 10.0.19041.1566
C:\Windows\SYSTEM32\WINMM.dll:WINMM.dll (00007FFB62D40000), size: 159744 (result: 0), SymType: '-deferred-', PDB: '', fileVersion: 10.0.19041.546
C:\Windows\SYSTEM32\HID.DLL:HID.DLL (00007FFB6ED40000), size: 53248 (result: 0), SymType: '-deferred-', PDB: '', fileVersion: 10.0.19041.546
C:\Program Files\Unity\Hub\2022.1.0b11\Editor\RadeonImageFilters.dll:RadeonImageFilters.dll (00007FFB0AD10000), size: 2961408 (result: 0), SymType: '-deferred-', PDB: '', fileVersion: 1.7.0.0
C:\Windows\SYSTEM32\dwmapi.dll:dwmapi.dll (00007FFB6D9C0000), size: 192512 (result: 0), SymType: '-deferred-', PDB: '', fileVersion: 10.0.19041.746
C:\Program Files\Unity\Hub\2022.1.0b11\Editor\SketchUpAPI.dll:SketchUpAPI.dll (00007FFB0A430000), size: 9306112 (result: 0), SymType: '-deferred-', PDB: '', fileVersion: 20.2.172.0
C:\Windows\SYSTEM32\VERSION.dll:VERSION.dll (00007FFB703E0000), size: 40960 (result: 0), SymType: '-deferred-', PDB: '', fileVersion: 10.0.19041.546
C:\Windows\SYSTEM32\WSOCK32.dll:WSOCK32.dll (00007FFB6E9D0000), size: 36864 (result: 0), SymType: '-deferred-', PDB: '', fileVersion: 10.0.19041.1
C:\Program Files\Unity\Hub\2022.1.0b11\Editor\tbb12.dll:tbb12.dll (00007FFB67A40000), size: 417792 (result: 0), SymType: '-deferred-', PDB: ''
C:\Windows\SYSTEM32\MSVCP140.dll:MSVCP140.dll (00007FFB49E30000), size: 581632 (result: 0), SymType: '-deferred-', PDB: '', fileVersion: 14.30.30704.0
C:\Windows\SYSTEM32\VCRUNTIME140.dll:VCRUNTIME140.dll (00007FFB4CDF0000), size: 110592 (result: 0), SymType: '-deferred-', PDB: '', fileVersion: 14.30.30704.0
C:\Program Files\Unity\Hub\2022.1.0b11\Editor\RadeonML.dll:RadeonML.dll (00007FFB6EA10000), size: 94208 (result: 0), SymType: '-deferred-', PDB: '', fileVersion: 0.9.11.0
C:\Program Files\Unity\Hub\2022.1.0b11\Editor\SketchUpCommonPreferences.dll:SketchUpCommonPreferences.dll (00007FFB2AF90000), size: 479232 (result: 0), SymType: '-deferred-', PDB: '', fileVersion: 20.2.172.37
C:\Windows\SYSTEM32\Secur32.dll:Secur32.dll (00007FFB5EE70000), size: 49152 (result: 0), SymType: '-deferred-', PDB: '', fileVersion: 10.0.19041.546
C:\Windows\SYSTEM32\VCRUNTIME140_1.dll:VCRUNTIME140_1.dll (00007FFB4CDE0000), size: 49152 (result: 0), SymType: '-deferred-', PDB: '', fileVersion: 14.30.30704.0
C:\Windows\SYSTEM32\SSPICLI.DLL:SSPICLI.DLL (00007FFB705B0000), size: 204800 (result: 0), SymType: '-deferred-', PDB: '', fileVersion: 10.0.19041.1586
C:\Program Files\Unity\Hub\2022.1.0b11\Editor\OpenRL.dll:OpenRL.dll (000001BD1A6A0000), size: 12779520 (result: 0), SymType: '-deferred-', PDB: '', fileVersion: 1.5.0.2907
C:\Program Files\Unity\Hub\2022.1.0b11\Editor\embree.dll:embree.dll (00007FFB08480000), size: 16711680 (result: 0), SymType: '-deferred-', PDB: '', fileVersion: 2.14.0.0
C:\Windows\SYSTEM32\MSVCR100.dll:MSVCR100.dll (000000006AC90000), size: 860160 (result: 0), SymType: '-deferred-', PDB: '', fileVersion: 10.0.40219.325
C:\Windows\SYSTEM32\MSVCP100.dll:MSVCP100.dll (000000006AD70000), size: 622592 (result: 0), SymType: '-deferred-', PDB: '', fileVersion: 10.0.40219.325
C:\Windows\SYSTEM32\MSWSOCK.DLL:MSWSOCK.DLL (00007FFB6FDF0000), size: 434176 (result: 0), SymType: '-deferred-', PDB: '', fileVersion: 10.0.19041.546
C:\Program Files\Unity\Hub\2022.1.0b11\Editor\tbb.dll:tbb.dll (00007FFB17010000), size: 413696 (result: 0), SymType: '-deferred-', PDB: '', fileVersion: 2017.0.2016.1004
C:\Windows\SYSTEM32\MSVCP120.dll:MSVCP120.dll (00007FFB57DB0000), size: 679936 (result: 0), SymType: '-deferred-', PDB: '', fileVersion: 12.0.40664.0
C:\Windows\SYSTEM32\MSVCR120.dll:MSVCR120.dll (00007FFB58050000), size: 978944 (result: 0), SymType: '-deferred-', PDB: '', fileVersion: 12.0.40664.0
C:\Program Files\Unity\Hub\2022.1.0b11\Editor\OpenRL_pthread.dll:OpenRL_pthread.dll (000001BD1B2F0000), size: 61440 (result: 0), SymType: '-deferred-', PDB: '', fileVersion: 2.9.0.0
C:\Program Files\Unity\Hub\2022.1.0b11\Editor\tbbmalloc.dll:tbbmalloc.dll (00007FFB25F60000), size: 372736 (result: 0), SymType: '-deferred-', PDB: '', fileVersion: 2017.0.2016.1004
C:\Windows\SYSTEM32\MSASN1.dll:MSASN1.dll (00007FFB70210000), size: 73728 (result: 0), SymType: '-deferred-', PDB: '', fileVersion: 10.0.19041.546
C:\Windows\System32\kernel.appcore.dll:kernel.appcore.dll (00007FFB70D30000), size: 73728 (result: 0), SymType: '-deferred-', PDB: '', fileVersion: 10.0.19041.546
C:\Windows\System32\bcryptPrimitives.dll:bcryptPrimitives.dll (00007FFB70D50000), size: 532480 (result: 0), SymType: '-deferred-', PDB: '', fileVersion: 10.0.19041.1415
C:\Windows\system32\uxtheme.dll:uxtheme.dll (00007FFB6D850000), size: 647168 (result: 0), SymType: '-deferred-', PDB: '', fileVersion: 10.0.19041.1266
C:\ProgramData\A-Volute\A-Volute.Nahimic\Modules\Scheduled\x64\AudioDevProps2.dll:AudioDevProps2.dll (00007FFB41E50000), size: 1249280 (result: 0), SymType: '-deferred-', PDB: '', fileVersion: 2.6.11.0
C:\Program Files\Listary\ListaryHook64.dll:ListaryHook64.dll (00007FFB5F100000), size: 307200 (result: 0), SymType: '-deferred-', PDB: '', fileVersion: 5.0.2334.0
C:\Windows\WinSxS\amd64_microsoft.windows.common-controls_6595b64144ccf1df_6.0.19041.1110_none_60b5254171f9507e\COMCTL32.dll:COMCTL32.dll (00007FFB5CFE0000), size: 2727936 (result: 0), SymType: '-deferred-', PDB: '', fileVersion: 6.10.19041.1110
C:\Windows\SYSTEM32\OLEACC.dll:OLEACC.dll (00007FFB5EAD0000), size: 417792 (result: 0), SymType: '-deferred-', PDB: '', fileVersion: 7.2.19041.746
C:\Windows\System32\shcore.dll:shcore.dll (00007FFB712B0000), size: 708608 (result: 0), SymType: '-deferred-', PDB: '', fileVersion: 10.0.19041.1566
C:\Windows\SYSTEM32\windows.storage.dll:windows.storage.dll (00007FFB6DFB0000), size: 7946240 (result: 0), SymType: '-deferred-', PDB: '', fileVersion: 10.0.19041.1566
C:\Windows\SYSTEM32\Wldp.dll:Wldp.dll (00007FFB70090000), size: 180224 (result: 0), SymType: '-deferred-', PDB: '', fileVersion: 10.0.19041.1566
C:\Windows\SYSTEM32\profapi.dll:profapi.dll (00007FFB70600000), size: 126976 (result: 0), SymType: '-deferred-', PDB: '', fileVersion: 10.0.19041.844
C:\Windows\system32\IconCodecService.dll:IconCodecService.dll (00007FFB69310000), size: 36864 (result: 0), SymType: '-deferred-', PDB: '', fileVersion: 10.0.19041.1
C:\Windows\SYSTEM32\WindowsCodecs.dll:WindowsCodecs.dll (00007FFB64E80000), size: 1785856 (result: 0), SymType: '-deferred-', PDB: '', fileVersion: 10.0.19041.1151
C:\Windows\System32\clbcatq.dll:clbcatq.dll (00007FFB73040000), size: 692224 (result: 0), SymType: '-deferred-', PDB: '', fileVersion: 2001.12.10941.16384
C:\Windows\System32\netprofm.dll:netprofm.dll (00007FFB6A890000), size: 253952 (result: 0), SymType: '-deferred-', PDB: '', fileVersion: 10.0.19041.906
C:\Windows\System32\npmproxy.dll:npmproxy.dll (00007FFB66F80000), size: 65536 (result: 0), SymType: '-deferred-', PDB: '', fileVersion: 10.0.19041.906
C:\Windows\System32\NSI.dll:NSI.dll (00007FFB71690000), size: 32768 (result: 0), SymType: '-deferred-', PDB: '', fileVersion: 10.0.19041.610
C:\Windows\SYSTEM32\dhcpcsvc6.DLL:dhcpcsvc6.DLL (00007FFB68DE0000), size: 94208 (result: 0), SymType: '-deferred-', PDB: '', fileVersion: 10.0.19041.546
C:\Windows\SYSTEM32\dhcpcsvc.DLL:dhcpcsvc.DLL (00007FFB68BE0000), size: 118784 (result: 0), SymType: '-deferred-', PDB: '', fileVersion: 10.0.19041.546
C:\Windows\SYSTEM32\DNSAPI.dll:DNSAPI.dll (00007FFB6FB00000), size: 827392 (result: 0), SymType: '-deferred-', PDB: '', fileVersion: 10.0.19041.1566
C:\Windows\System32\fwpuclnt.dll:fwpuclnt.dll (00007FFB66E00000), size: 520192 (result: 0), SymType: '-deferred-', PDB: '', fileVersion: 10.0.19041.1526
C:\Windows\System32\rasadhlp.dll:rasadhlp.dll (00007FFB67DC0000), size: 40960 (result: 0), SymType: '-deferred-', PDB: '', fileVersion: 10.0.19041.546
C:\Program Files\Unity\Hub\2022.1.0b11\Editor\NVUnityPlugin.DLL:NVUnityPlugin.DLL (00007FFB04AF0000), size: 1536000 (result: 0), SymType: '-deferred-', PDB: ''
C:\Program Files\Unity\Hub\2022.1.0b11\Editor\Data\Tools\astcenc-avx2.dll:astcenc-avx2.dll (00007FFB051B0000), size: 548864 (result: 0), SymType: '-deferred-', PDB: ''
C:\Windows\SYSTEM32\d3d11.dll:d3d11.dll (00007FFB6C2D0000), size: 2506752 (result: 0), SymType: '-deferred-', PDB: '', fileVersion: 10.0.19041.1202
C:\Windows\System32\dxgi.dll:dxgi.dll (00007FFB70EE0000), size: 995328 (result: 0), SymType: '-deferred-', PDB: '', fileVersion: 10.0.19041.1566
C:\Windows\System32\DriverStore\FileRepository\nvhqsi.inf_amd64_8f7304d20c789c00\nvldumdx.dll:nvldumdx.dll (00007FFB03250000), size: 1073152 (result: 0), SymType: '-deferred-', PDB: '', fileVersion: 30.0.15.1215
C:\Windows\SYSTEM32\cryptnet.dll:cryptnet.dll (00007FFB66FD0000), size: 200704 (result: 0), SymType: '-deferred-', PDB: '', fileVersion: 10.0.19041.906
C:\Windows\SYSTEM32\drvstore.dll:drvstore.dll (00007FFB62F50000), size: 1343488 (result: 0), SymType: '-deferred-', PDB: '', fileVersion: 10.0.19041.1566
C:\Windows\SYSTEM32\devobj.dll:devobj.dll (00007FFB703F0000), size: 208896 (result: 0), SymType: '-deferred-', PDB: '', fileVersion: 10.0.19041.1566
C:\Windows\SYSTEM32\cryptbase.dll:cryptbase.dll (00007FFB70000000), size: 49152 (result: 0), SymType: '-deferred-', PDB: '', fileVersion: 10.0.19041.546
C:\Windows\System32\imagehlp.dll:imagehlp.dll (00007FFB72380000), size: 118784 (result: 0), SymType: '-deferred-', PDB: '', fileVersion: 10.0.19041.1415
C:\Windows\SYSTEM32\CRYPTSP.dll:CRYPTSP.dll (00007FFB6FFE0000), size: 98304 (result: 0), SymType: '-deferred-', PDB: '', fileVersion: 10.0.19041.546
C:\Windows\system32\rsaenh.dll:rsaenh.dll (00007FFB6F6E0000), size: 212992 (result: 0), SymType: '-deferred-', PDB: '', fileVersion: 10.0.19041.1052
C:\Windows\System32\DriverStore\FileRepository\nvhqsi.inf_amd64_8f7304d20c789c00\nvwgf2umx.dll:nvwgf2umx.dll (00007FFA70480000), size: 43286528 (result: 0), SymType: '-deferred-', PDB: '', fileVersion: 30.0.15.1215
C:\Windows\system32\nvspcap64.dll:nvspcap64.dll (00007FFABB6E0000), size: 2912256 (result: 0), SymType: '-deferred-', PDB: '', fileVersion: 3.25.0.84
C:\Windows\SYSTEM32\ntmarta.dll:ntmarta.dll (00007FFB6F490000), size: 208896 (result: 0), SymType: '-deferred-', PDB: '', fileVersion: 10.0.19041.546
C:\Windows\SYSTEM32\dxcore.dll:dxcore.dll (00007FFB63C50000), size: 241664 (result: 0), SymType: '-deferred-', PDB: '', fileVersion: 10.0.19041.546
C:\Windows\system32\wbem\wbemprox.dll:wbemprox.dll (00007FFB60390000), size: 69632 (result: 0), SymType: '-deferred-', PDB: '', fileVersion: 10.0.19041.1320
C:\Windows\SYSTEM32\wbemcomn.dll:wbemcomn.dll (00007FFB60300000), size: 589824 (result: 0), SymType: '-deferred-', PDB: '', fileVersion: 10.0.19041.1566
C:\Windows\system32\wbem\wbemsvc.dll:wbemsvc.dll (00007FFB5F8B0000), size: 81920 (result: 0), SymType: '-deferred-', PDB: '', fileVersion: 10.0.19041.1320
C:\Windows\system32\wbem\fastprox.dll:fastprox.dll (00007FFB5F8D0000), size: 1093632 (result: 0), SymType: '-deferred-', PDB: '', fileVersion: 10.0.19041.546
C:\Windows\SYSTEM32\amsi.dll:amsi.dll (00007FFB5F3E0000), size: 102400 (result: 0), SymType: '-deferred-', PDB: '', fileVersion: 10.0.19041.746
C:\Program Files\Unity\Hub\2022.1.0b11\Editor\cudart64_90.dll:cudart64_90.dll (00007FFB12090000), size: 397312 (result: 0), SymType: '-deferred-', PDB: '', fileVersion: 6.14.11.9000
C:\Windows\SYSTEM32\opencl.dll:opencl.dll (00007FFADB050000), size: 1474560 (result: 0), SymType: '-deferred-', PDB: '', fileVersion: 3.0.1.0
C:\Program Files\Unity\Hub\2022.1.0b11\Editor\radeonrays.dll:radeonrays.dll (00007FFB11CB0000), size: 557056 (result: 0), SymType: '-deferred-', PDB: ''
C:\Program Files\Unity\Hub\2022.1.0b11\Editor\Data\MonoBleedingEdge\EmbedRuntime\mono-2.0-bdwgc.dll:mono-2.0-bdwgc.dll (00007FFB027A0000), size: 11177984 (result: 0), SymType: '-deferred-', PDB: ''
C:\Windows\SYSTEM32\dbghelp.dll:dbghelp.dll (00007FFB6EE10000), size: 1982464 (result: 0), SymType: '-deferred-', PDB: '', fileVersion: 10.0.19041.867

========== OUTPUTTING STACK TRACE ==================

0x00007FFB709F4F69 (KERNELBASE) RaiseException
0x00007FF74BFD679C (Unity) EditorMonoConsole::LogToConsoleImplementation
0x00007FF74BFD72AD (Unity) EditorMonoConsole::LogToConsoleImplementation
0x00007FF74CC6B057 (Unity) DebugStringToFilePostprocessedStacktrace
0x00007FF74CC6A7ED (Unity) DebugStringToFile
0x00007FF74B260563 (Unity) CachedReader::OutOfBoundsError
0x00007FF74B261418 (Unity) CachedReader::SetPosition
0x00007FF74B5EACC6 (Unity) SerializedFile::ReadObject
0x00007FF74B5CFAB5 (Unity) PersistentManager::ReadAndActivateObjectThreaded
0x00007FF74B5CC3E2 (Unity) PersistentManager::LoadFileCompletelyThreaded
0x00007FF74B5CBD35 (Unity) PersistentManager::LoadFileCompletely
0x00007FF74C0517D3 (Unity) LoadSerializedFileAndForget
0x00007FF74BFF8E1D (Unity) InternalEditorUtilityBindings::LoadSerializedFileAndForget
0x00007FF74AB438B7 (Unity) InternalEditorUtility_CUSTOM_LoadSerializedFileAndForget
0x000001BF6DCFC061 (Mono JIT Code) (wrapper managed-to-native) UnityEditorInternal.InternalEditorUtility:LoadSerializedFileAndForget (string)
0x000001BF6B2080AB (Mono JIT Code) UnityEditor.ScriptableSingleton`1<T_REF>:CreateAndLoad ()
0x000001BF6AFE1003 (Mono JIT Code) UnityEditor.ScriptableSingleton`1<T_REF>:get_instance ()
0x000001BF6DCFB13B (Mono JIT Code) [C:\Users\HonorPro162021.11.11\Documents\GitHub\CodeGen\Assets\Labs\Lab0 TryEditorSingleton\Editor\InApplicationClassObject.cs:15] Labs.Lab0_TryEditorSingleton.Editor.InApplicationClassObject:AddValue () 
0x000001BF6B064225 (Mono JIT Code) (wrapper runtime-invoke) object:runtime_invoke_void (object,intptr,intptr,intptr)
0x00007FFB02A1E504 (mono-2.0-bdwgc) [C:\build\output\Unity-Technologies\mono\mono\mini\mini-runtime.c:3445] mono_jit_runtime_invoke 
0x00007FFB0295EAF4 (mono-2.0-bdwgc) [C:\build\output\Unity-Technologies\mono\mono\metadata\object.c:3064] do_runtime_invoke 
0x00007FFB02965B3F (mono-2.0-bdwgc) [C:\build\output\Unity-Technologies\mono\mono\metadata\object.c:5771] mono_runtime_try_invoke_array 
0x00007FFB0289CE40 (mono-2.0-bdwgc) [C:\build\output\Unity-Technologies\mono\mono\metadata\icall.c:4017] ves_icall_InternalInvoke 
0x00007FFB028C1631 (mono-2.0-bdwgc) [C:\build\output\Unity-Technologies\mono\mono\metadata\icall-def.h:687] ves_icall_InternalInvoke_raw 
0x000001BF6DCEFA32 (Mono JIT Code) (wrapper managed-to-native) System.Reflection.RuntimeMethodInfo:InternalInvoke (System.Reflection.RuntimeMethodInfo,object,object[],System.Exception&)
0x000001BF6DCEE8C3 (Mono JIT Code) System.Reflection.RuntimeMethodInfo:Invoke (object,System.Reflection.BindingFlags,System.Reflection.Binder,object[],System.Globalization.CultureInfo)
0x000001BF6DCEE32F (Mono JIT Code) System.Reflection.MethodBase:Invoke (object,object[])
0x000001BF6DCEBCAB (Mono JIT Code) UnityEditor.EditorAssemblies:ProcessInitializeOnLoadMethodAttributes ()
0x000001BF6AF82F65 (Mono JIT Code) (wrapper runtime-invoke) object:runtime_invoke_void (object,intptr,intptr,intptr)
0x00007FFB02A1E504 (mono-2.0-bdwgc) [C:\build\output\Unity-Technologies\mono\mono\mini\mini-runtime.c:3445] mono_jit_runtime_invoke 
0x00007FFB0295EAF4 (mono-2.0-bdwgc) [C:\build\output\Unity-Technologies\mono\mono\metadata\object.c:3064] do_runtime_invoke 
0x00007FFB0295EC8C (mono-2.0-bdwgc) [C:\build\output\Unity-Technologies\mono\mono\metadata\object.c:3111] mono_runtime_invoke 
0x00007FF74B542B94 (Unity) scripting_method_invoke
0x00007FF74B53D694 (Unity) ScriptingInvocation::Invoke
0x00007FF74B537005 (Unity) ScriptingInvocation::Invoke<void>
0x00007FF74B65F85B (Unity) Scripting::UnityEditor::EditorAssembliesProxy::ProcessInitializeOnLoadMethodAttributes
0x00007FF74B516F84 (Unity) MonoManager::SetupLoadedEditorAssemblies
0x00007FF74B50C7ED (Unity) MonoManager::EndReloadAssembly
0x00007FF74B5145B8 (Unity) MonoManager::ReloadAssembly
0x00007FF74C472D12 (Unity) LoadDomainAndUserAssemblies
0x00007FF74C4734AA (Unity) LoadUserAssemblies
0x00007FF74C158639 (Unity) Application::InitializeProject
0x00007FF74C5CEDDB (Unity) WinMain
0x00007FF74D918BDE (Unity) __scrt_common_main_seh
0x00007FFB723C7034 (KERNEL32) BaseThreadInitThunk
0x00007FFB73362651 (ntdll) RtlUserThreadStart

========== END OF STACKTRACE ===========

A crash has been intercepted by the crash handler. For call stack and other details, see the latest crash report generated in:
 * C:/Users/HONORP~1.11/AppData/Local/Temp/Unity/Editor/Crashes
